{
  "RSpec": {
    "coverage": {
      "/home/shumai/Documents/Final-project/try-3/hilina/spec/auth/authorize_api_request_spec.rb": [
        null,
        null,
        1,
        null,
        1,
        null,
        3,
        null,
        2,
        null,
        2,
        null,
        2,
        null,
        null,
        null,
        1,
        null,
        1,
        1,
        1,
        1,
        null,
        null,
        null,
        null,
        1,
        1,
        1,
        2,
        null,
        null,
        null,
        null,
        1,
        1,
        null,
        1,
        null,
        null,
        1,
        2,
        null,
        null,
        null,
        null,
        1,
        2,
        2,
        null,
        1,
        2,
        null,
        null,
        null,
        null,
        null,
        null,
        null,
        1,
        2,
        2,
        null,
        1,
        2,
        null,
        null,
        null,
        null,
        null,
        null,
        null,
        null,
        null
      ],
      "/home/shumai/Documents/Final-project/try-3/hilina/app/auth/authorize_api_request.rb": [
        null,
        null,
        1,
        1,
        11,
        null,
        null,
        null,
        1,
        11,
        null,
        null,
        null,
        null,
        1,
        null,
        1,
        null,
        1,
        null,
        null,
        11,
        null,
        null,
        null,
        1,
        1,
        null,
        null,
        null,
        null,
        1,
        13,
        null,
        null,
        null,
        1,
        11,
        4,
        null,
        7,
        null,
        null
      ],
      "/home/shumai/Documents/Final-project/try-3/hilina/spec/controllers/assets_controller_spec.rb": [
        1,
        null,
        1,
        1,
        3,
        1,
        1,
        null,
        1,
        1,
        null,
        null,
        null
      ],
      "/home/shumai/Documents/Final-project/try-3/hilina/app/controllers/api/v1/assets_controller.rb": [
        1,
        1,
        1,
        0,
        0,
        null,
        1,
        0,
        0,
        null,
        0,
        null,
        1,
        0,
        0,
        null,
        null,
        1,
        0,
        0,
        0,
        0,
        null,
        null,
        0,
        null,
        null,
        1,
        0,
        0,
        null,
        null,
        null,
        1,
        1,
        0,
        null,
        1,
        0,
        null,
        null,
        null,
        null
      ],
      "/home/shumai/Documents/Final-project/try-3/hilina/app/controllers/application_controller.rb": [
        1,
        1,
        1,
        null,
        1,
        null,
        1,
        null,
        1,
        null,
        1,
        6,
        null,
        null,
        null,
        null
      ],
      "/home/shumai/Documents/Final-project/try-3/hilina/app/controllers/concerns/response.rb": [
        1,
        1,
        9,
        null,
        null,
        null,
        null,
        null,
        null,
        null,
        null,
        null,
        null,
        null,
        null,
        null
      ],
      "/home/shumai/Documents/Final-project/try-3/hilina/app/controllers/concerns/exception_handler.rb": [
        null,
        null,
        1,
        null,
        1,
        null,
        null,
        1,
        1,
        1,
        null,
        1,
        null,
        1,
        1,
        1,
        1,
        null,
        1,
        0,
        null,
        null,
        1,
        null,
        null,
        1,
        9,
        null,
        null,
        null,
        1,
        0,
        null,
        null,
        null
      ],
      "/home/shumai/Documents/Final-project/try-3/hilina/spec/controllers/commitments_controller_spec.rb": [
        1,
        null,
        1,
        1,
        3,
        1,
        1,
        null,
        1,
        1,
        null,
        null,
        null
      ],
      "/home/shumai/Documents/Final-project/try-3/hilina/app/controllers/api/v1/commitments_controller.rb": [
        1,
        1,
        1,
        0,
        0,
        null,
        null,
        1,
        0,
        0,
        null,
        0,
        null,
        null,
        1,
        0,
        0,
        null,
        null,
        null,
        1,
        0,
        0,
        0,
        0,
        null,
        null,
        0,
        null,
        null,
        null,
        1,
        0,
        0,
        null,
        null,
        null,
        null,
        1,
        1,
        0,
        null,
        null,
        1,
        null,
        null,
        0,
        null,
        null,
        null,
        null
      ],
      "/home/shumai/Documents/Final-project/try-3/hilina/spec/controllers/landing_controller_spec.rb": [
        1,
        null,
        1,
        1,
        2,
        1,
        1,
        null,
        null,
        null
      ],
      "/home/shumai/Documents/Final-project/try-3/hilina/app/controllers/landing_controller.rb": [
        1,
        1,
        1,
        1,
        null,
        null
      ],
      "/home/shumai/Documents/Final-project/try-3/hilina/spec/controllers/networth_controller_spec.rb": [
        1,
        null,
        1,
        1,
        3,
        1,
        1,
        null,
        1,
        1,
        null,
        null,
        null
      ],
      "/home/shumai/Documents/Final-project/try-3/hilina/app/controllers/api/v1/networth_controller.rb": [
        1,
        1,
        1,
        0,
        0,
        null,
        1,
        1,
        0,
        null,
        null,
        null
      ],
      "/home/shumai/Documents/Final-project/try-3/hilina/spec/models/asset_spec.rb": [
        1,
        null,
        1,
        2,
        2,
        2,
        2,
        null
      ],
      "/home/shumai/Documents/Final-project/try-3/hilina/app/models/asset.rb": [
        1,
        null,
        1,
        1,
        null
      ],
      "/home/shumai/Documents/Final-project/try-3/hilina/app/models/application_record.rb": [
        1,
        1,
        null
      ],
      "/home/shumai/Documents/Final-project/try-3/hilina/spec/models/commitment_spec.rb": [
        1,
        null,
        1,
        2,
        2,
        2,
        2,
        null
      ],
      "/home/shumai/Documents/Final-project/try-3/hilina/app/models/commitment.rb": [
        1,
        1,
        1,
        null
      ],
      "/home/shumai/Documents/Final-project/try-3/hilina/spec/models/networth_spec.rb": [
        1,
        null,
        1,
        2,
        null
      ],
      "/home/shumai/Documents/Final-project/try-3/hilina/app/models/networth.rb": [
        1,
        1,
        1,
        null,
        1,
        1,
        null,
        1,
        0,
        null,
        null
      ],
      "/home/shumai/Documents/Final-project/try-3/hilina/spec/models/user_spec.rb": [
        1,
        null,
        1,
        2,
        2,
        2,
        2,
        null
      ],
      "/home/shumai/Documents/Final-project/try-3/hilina/app/models/user.rb": [
        1,
        1,
        null,
        1,
        1,
        1,
        1,
        null
      ],
      "/home/shumai/Documents/Final-project/try-3/hilina/spec/requests/authentication_spec.rb": [
        null,
        null,
        1,
        null,
        1,
        null,
        1,
        null,
        3,
        null,
        3,
        null,
        1,
        null,
        null,
        null,
        1,
        null,
        1,
        null,
        null,
        null,
        1,
        null,
        null,
        null,
        null,
        null,
        null,
        1,
        2,
        null,
        1,
        0,
        null,
        null,
        null,
        null,
        1,
        2,
        null,
        1,
        0,
        null,
        null,
        null,
        null
      ],
      "/home/shumai/Documents/Final-project/try-3/hilina/spec/requests/bucket_request_spec.rb": [
        null,
        null,
        null,
        null,
        null,
        null,
        null,
        null,
        null,
        null,
        null,
        null,
        null,
        null,
        null,
        null,
        null,
        null,
        null,
        null,
        null,
        null,
        null,
        null,
        null,
        null,
        null,
        null,
        null,
        null,
        null,
        null,
        null,
        null,
        null,
        null,
        null,
        null,
        null,
        null,
        null,
        null,
        null,
        null,
        null
      ],
      "/home/shumai/Documents/Final-project/try-3/hilina/spec/requests/users_spec.rb": [
        null,
        null,
        1,
        null,
        1,
        6,
        6,
        1,
        3,
        null,
        null,
        1,
        1,
        1,
        3,
        null,
        null,
        null,
        null,
        1,
        1,
        null,
        null,
        1,
        1,
        null,
        null,
        1,
        1,
        null,
        null,
        null,
        1,
        3,
        null,
        1,
        0,
        null,
        1,
        0,
        null,
        null,
        null,
        null
      ],
      "/home/shumai/Documents/Final-project/try-3/hilina/app/auth/authenticate_user.rb": [
        null,
        1,
        null,
        1,
        2,
        2,
        null,
        null,
        null,
        1,
        2,
        null,
        null,
        1,
        null,
        1,
        null,
        null,
        1,
        3,
        3,
        null,
        null,
        1,
        null,
        null
      ],
      "/home/shumai/Documents/Final-project/try-3/hilina/app/lib/json_web_token.rb": [
        null,
        null,
        1,
        null,
        1,
        null,
        1,
        null,
        11,
        null,
        11,
        null,
        null,
        1,
        null,
        4,
        2,
        null,
        null,
        null,
        2,
        null,
        null
      ],
      "/home/shumai/Documents/Final-project/try-3/hilina/app/lib/message.rb": [
        null,
        null,
        1,
        1,
        0,
        null,
        null,
        1,
        1,
        null,
        null,
        1,
        1,
        null,
        null,
        1,
        7,
        null,
        null,
        1,
        0,
        null,
        null,
        1,
        0,
        null,
        null,
        1,
        0,
        null,
        null,
        1,
        0,
        null,
        null,
        1,
        0,
        null,
        null
      ],
      "/home/shumai/Documents/Final-project/try-3/hilina/app/controllers/authentication_controller.rb": [
        null,
        null,
        1,
        null,
        1,
        null,
        1,
        2,
        null,
        0,
        null,
        null,
        1,
        null,
        1,
        2,
        null,
        null
      ],
      "/home/shumai/Documents/Final-project/try-3/hilina/app/controllers/users_controller.rb": [
        null,
        null,
        1,
        null,
        1,
        null,
        null,
        1,
        5,
        0,
        0,
        0,
        null,
        null,
        1,
        null,
        1,
        5,
        null,
        null
      ]
    },
    "timestamp": 1573925146
  },
  "Unknown Test Framework": {
    "coverage": {
      "/home/shumai/Documents/Final-project/try-3/hilina/app/jobs/application_job.rb": [
        0,
        0
      ],
      "/home/shumai/Documents/Final-project/try-3/hilina/app/models/networth.rb": [
        0,
        0,
        0,
        0,
        null,
        null,
        0,
        0,
        0,
        0
      ],
      "/home/shumai/Documents/Final-project/try-3/hilina/app/models/asset.rb": [
        0,
        null,
        0,
        null,
        null,
        0,
        0,
        0,
        0
      ],
      "/home/shumai/Documents/Final-project/try-3/hilina/app/models/commitment.rb": [
        0,
        0,
        0
      ],
      "/home/shumai/Documents/Final-project/try-3/hilina/app/models/user.rb": [
        0,
        0,
        null,
        null,
        null,
        0,
        0,
        0,
        0,
        0,
        0
      ],
      "/home/shumai/Documents/Final-project/try-3/hilina/app/models/application_record.rb": [
        0,
        0,
        0
      ],
      "/home/shumai/Documents/Final-project/try-3/hilina/app/controllers/site_controller.rb": [
        0,
        null,
        0,
        0,
        0,
        null,
        0,
        0,
        0,
        0,
        0,
        0,
        0,
        0
      ],
      "/home/shumai/Documents/Final-project/try-3/hilina/app/controllers/api/v1/registrations.rb": [
        0,
        0,
        null,
        0,
        0,
        null,
        0,
        0,
        0,
        0,
        0,
        0,
        null,
        0,
        null,
        0,
        null,
        null,
        0,
        0,
        0
      ],
      "/home/shumai/Documents/Final-project/try-3/hilina/app/controllers/application_controller.rb": [
        0,
        0,
        null,
        0,
        0,
        0,
        0,
        null,
        null,
        0,
        0,
        0,
        null,
        null,
        0,
        null,
        0,
        0,
        0,
        0,
        null
      ],
      "/home/shumai/Documents/Final-project/try-3/hilina/app/channels/application_cable/channel.rb": [
        0,
        0,
        0,
        0
      ],
      "/home/shumai/Documents/Final-project/try-3/hilina/app/channels/application_cable/connection.rb": [
        0,
        0,
        0,
        0
      ],
      "/home/shumai/Documents/Final-project/try-3/hilina/lib/application_responder.rb": [
        0,
        0,
        0,
        null,
        null,
        null,
        null,
        0
      ]
    },
    "timestamp": 1535112472
  }
}
